Finding modules in /home/tim/trunk/cpan/cpan-5.008/lib/perl5//x86_64-linux-thread-multi /home/tim/trunk/cpan/cpan-5.008/lib/perl5/
Finding candidate releases for the 4787 installed modules
	Algorithm...
	Any...
	Apache2...
	Apache...
	App...
	AppConfig...
	Archive...
	Array...
	Attribute...
	B...
	Bit...
	Bot...
	BounceStudioAPI...
BounceStudioAPI 3.7.01 not found on CPAN
	Bundle...
	CGI...
	CPAN...
	CPANPLUS...
	CSS...
	Cache...
	Captcha...
	Carp...
	Catalyst...
	CatalystX...
	Class...
	Clone...
	Compress...
	Config...
	Context...
	Crypt...
	Cwd...
	DBD...
	DBI...
	DBIx...
DBIx::Class::ResultSet::WithMetaData 1.001000 on CPAN but with different file size (not 9077)
	Data...
	Date...
	DateTime...
	DateTimePP...
	DateTimePPExtra...
	DateTimeX...
	Devel...
Devel::Cover::Inc 0.71 not found on CPAN
	Digest...
	Dist...
	Email...
	Encode...
	Error...
	Eval...
	Exception...
	Exporter...
Exporter::Heavy 5.63 not found on CPAN
	ExtUtils...
	FCGI...
FCGI 0.74 on CPAN but with different file size (not 7532)
	Facebook...
	Fatal...
	File...
	Filesys...
	FindBin...
	Font...
	Geo...
	Getopt...
	GraphViz...
	HTML...
	HTTP...
	Hash...
	Hook...
	IO...
IO::Pipe 1.13 is core in perl 5.008008 (as v1.13) - skipped
IO::Poll 0.07 is core in perl 5.008008 (as v0.07) - skipped
IO::Seekable 1.10 is core in perl 5.008008 (as v1.10) - skipped
IO::Select 1.17 is core in perl 5.008008 (as v1.17) - skipped
	IPC...
IPC::Run3::ProfArrayBuffer 0.044 not found on CPAN
IPC::Run3::ProfLogReader 0.044 not found on CPAN
IPC::Run3::ProfLogger 0.044 not found on CPAN
IPC::Run3::ProfPP 0.044 not found on CPAN
IPC::Run3::ProfReporter 0.044 not found on CPAN
	IRC...
	Inline...
	JSON...
	JavaScript...
	LWP...
	Lingua...
	List...
	Locale...
	Log...
	MIME...
	MRO...
	Mail...
	Math...
Math::BigFloat::Trace 0.01 is core in perl 5.008008 (as v0.01) - skipped
Math::BigInt::Trace 0.01 is core in perl 5.008008 (as v0.01) - skipped
	Memcached...
	Memoize...
	Method...
	Module...
	Mojo...
	Mojolicious...
	Moose...
	MooseX...
	Mouse...
Mouse::Tiny 0.53 not found on CPAN
	Net...
Net::FTP::E 0.01 is core in perl 5.008008 (as v0.01) - skipped
Net::FTP::I 1.12 is core in perl 5.008008 (as v1.12) - skipped
Net::FTP::L 0.01 is core in perl 5.008008 (as v0.01) - skipped
Net::FTP::dataconn 0.11 is core in perl 5.008008 (as v0.11) - skipped
Net::Time 2.10 is core in perl 5.008008 (as v2.10) - skipped
Net::Whois::Raw 2.33 not on CPAN but assumed to be from Net-Whois-Raw-2.33
	Number...
	Object...
	OldDocs...
	Olson...
	PAR...
	PDF...
PDF::API2::Basic::TTF::Cvt_ 0.0001 on CPAN but with different file size (not 2453)
PDF::API2::Basic::TTF::Font 0.32 on CPAN but with different file size (not 26246)
PDF::API2::Basic::TTF::Fpgm 0.0001 on CPAN but with different file size (not 2752)
PDF::API2::Basic::TTF::Name 1.1 on CPAN but with different file size (not 16239)
PDF::API2::Basic::TTF::Post 0.01 on CPAN but with different file size (not 10647)
PDF::API2::Basic::TTF::Prep 0.0001 on CPAN but with different file size (not 2698)
PDF::API2::Basic::TTF::Segarr 0.0001 on CPAN but with different file size (not 11033)
PDF::API2::Basic::TTF::Table 0.0001 on CPAN but with different file size (not 10120)
PDF::API2::Basic::TTF::Ttc 0.0001 on CPAN but with different file size (not 5057)
PDF::API2::Basic::TTF::Utils 0.0001 on CPAN but with different file size (not 19835)
PDF::API2::Resource::Font::neTrueType 1.002 not found on CPAN
PDF::API2::Version 0.73 not found on CPAN
	POE...
	PPI...
	PPIx...
	PSGI...
	Package...
	PadWalker...
	Params...
	Parse...
	Path...
	Perl6...
	Perl...
	Plack...
	Pod...
	Probe...
	Proc...
	RPC...
	Readonly...
	Regexp...
	Return...
	SOAP...
	SQL...
	Scalar...
	Scope...
	Server...
	Set...
	Spiffy...
	Squirrel...
	Starman...
	Statistics...
	Storable...
	String...
	Sub...
	Sys...
	TAP...
	Task...
	Template...
Template::Config 2.75 on CPAN but with different file size (not 13623)
	Term...
Term::ReadLine::readline 1.0303 not found on CPAN
	Test...
	Text...
	Tie...
	Time...
	Tree...
	Try...
	UDDI...
	UNIVERSAL...
	URI...
URI::GoogleChart 1.02 on CPAN but with different file size (not 17647)
	UltraDNS...
	Unicode...
Unicode::Stringprep::_Common 1.10 not found on CPAN
	User...
	Variable...
	WWW...
	Want...
	Win32...
	XML...
	XMLRPC...
	XSLoader...
XSLoader 0.15 on CPAN but with different file size (not 10355)
	YAML...
	aliased...
	autobox...
	autodie...
	bigint...
	bignum...
	bigrat...
	boolean...
	common...
common::sense 3.4 not on CPAN but assumed to be from common-sense-3.4
	constant...
	encoding...
	ex...
	inc...
	lib...
	local...
	metaclass...
	namespace...
	ojo...
	ok...
	oose...
	ouse...
	parent...
	version...
*** Mapping modules to releases
	Algorithm...
	Any...
	Apache2...
	Apache...
	App...
	AppConfig...
	Archive...
	Array...
	Attribute...
	B...
	Bit...
	Bot...
	BounceStudioAPI...
	Bundle...
perllocal.pod found but ignored because ExtUtils::Perllocal::Parser not available
	CGI...
	CPAN...
	CPANPLUS...
	CSS...
	Cache...
	Captcha...
	Carp...
	Catalyst...
	CatalystX...
	Class...
	Clone...
	Compress...
	Config...
	Context...
	Crypt...
	Cwd...
	DBD...
	DBI...
	DBIx...
	Data...
	Date...
	DateTime...
	DateTimePP...
	DateTimePPExtra...
	DateTimeX...
	Devel...
	Digest...
	Dist...
	Email...
	Encode...
	Error...
	Eval...
	Exception...
	Exporter...
	ExtUtils...
	FCGI...
FLORA/FCGI-0.74:	fraction_installed 0 (0/0)
	Facebook...
	Fatal...
	File...
	Filesys...
	FindBin...
	Font...
	Geo...
	Getopt...
	GraphViz...
	HTML...
	HTTP...
	Hash...
	Hook...
	IO...
	IPC...
	IRC...
	Inline...
	JSON...
	JavaScript...
	LWP...
	Lingua...
	List...
	Locale...
	Log...
	MIME...
	MRO...
	Mail...
	Math...
	Memcached...
	Memoize...
	Method...
	Module...
	Mojo...
	Mojolicious...
	Moose...
	MooseX...
	Mouse...
	Net...
	Number...
	Object...
	OldDocs...
	Olson...
	PAR...
	PDF...
PDF::API2::Basic::TTF::Cvt_ 0.0001 odd best match: PDF-API2-0.40_16 or PDF-API2-0.40_15  (0.0982608695652172)
PDF::API2::Basic::TTF::Font 0.32 odd best match: PDF-API2-0.40_16 or PDF-API2-0.40_15  (0.0982608695652172)
PDF::API2::Basic::TTF::Fpgm 0.0001 odd best match: PDF-API2-0.40_16 or PDF-API2-0.40_15  (0.0982608695652172)
PDF::API2::Basic::TTF::Name 1.1 odd best match: PDF-API2-0.40_16 or PDF-API2-0.40_15  (0.0982608695652172)
PDF::API2::Basic::TTF::Post 0.01 odd best match: PDF-API2-0.40_16 or PDF-API2-0.40_15  (0.0982608695652172)
PDF::API2::Basic::TTF::Prep 0.0001 odd best match: PDF-API2-0.40_16 or PDF-API2-0.40_15  (0.0982608695652172)
PDF::API2::Basic::TTF::Segarr 0.0001 odd best match: PDF-API2-0.40_16 or PDF-API2-0.40_15  (0.0982608695652172)
PDF::API2::Basic::TTF::Table 0.0001 odd best match: PDF-API2-0.40_16 or PDF-API2-0.40_15  (0.0982608695652172)
PDF::API2::Basic::TTF::Ttc 0.0001 odd best match: PDF-API2-0.40_16 or PDF-API2-0.40_15  (0.0982608695652172)
PDF::API2::Basic::TTF::Utils 0.0001 odd best match: PDF-API2-0.40_16 or PDF-API2-0.40_15  (0.0982608695652172)
	POE...
	PPI...
	PPIx...
	PSGI...
	Package...
	PadWalker...
	Params...
	Parse...
	Path...
	Perl6...
	Perl...
	Plack...
	Pod...
	Probe...
	Proc...
	RPC...
	Readonly...
	Regexp...
	Return...
	SOAP...
	SQL...
	Scalar...
	Scope...
	Server...
	Set...
	Spiffy...
	Squirrel...
	Starman...
	Statistics...
	Storable...
	String...
	Sub...
	Sys...
	TAP...
	Task...
	Template...
	Term...
	Test...
	Text...
	Tie...
	Time...
	Tree...
	Try...
	UDDI...
	UNIVERSAL...
	URI...
	UltraDNS...
	Unicode...
	User...
	Variable...
	WWW...
	Want...
	Win32...
	XML...
	XMLRPC...
	XSLoader...
	YAML...
	aliased...
	autobox...
	autodie...
	bigint...
	bignum...
	bigrat...
	boolean...
	common...
MLEHMANN/common-sense-3.4:	fraction_installed 0 (0/0)
	constant...
	encoding...
	ex...
	inc...
	lib...
	local...
	metaclass...
	namespace...
	ojo...
	ok...
	oose...
	ouse...
	parent...
	version...
*** Refining releases
Distributions with remnants (chosen release is first):
CPAN-1.9600 CPAN-1.9304 CPAN-1.93_03 CPAN-1.93_02 CPAN-1.9301 CPAN-1.93 CPAN-1.92_66 CPAN-1.92_65 CPAN-1.92_64 CPAN-1.92_63
	CPAN-1.9600	100.00% installed: (34 modules)
	CPAN-1.92_63	40.00% installed: CPAN::DeferedCode 5.50
	CPAN-1.92_64	40.00% installed: CPAN::DeferedCode 5.50
	CPAN-1.92_65	40.00% installed: CPAN::DeferedCode 5.50
	CPAN-1.92_66	40.00% installed: CPAN::DeferedCode 5.50
	CPAN-1.93	40.00% installed: CPAN::DeferedCode 5.50
	CPAN-1.9301	40.00% installed: CPAN::DeferedCode 5.50
	CPAN-1.93_02	40.00% installed: CPAN::DeferedCode 5.50
	CPAN-1.93_03	40.00% installed: CPAN::DeferedCode 5.50
	CPAN-1.9304	40.00% installed: CPAN::DeferedCode 5.50
Catalyst-Runtime-5.90002 Catalyst-Runtime-5.80033
	Catalyst-Runtime-5.90002	100.00% installed: (41 modules)
	Catalyst-Runtime-5.80033	72.56% installed: Catalyst::Engine::CGI 0, Catalyst::Engine::FastCGI 0, Catalyst::Engine::HTTP 0
Class-MOP-1.12 Class-MOP-0.78
	Class-MOP-1.12	100.00% installed: (22 modules)
	Class-MOP-0.78	16.43% installed: Class::MOP::Immutable 0.78
DBI-1.616 DBI-1.615_92 DBI-1.615_90
	DBI-1.616	100.00% installed: (44 modules)
	DBI-1.615_90	100.00% installed: (44 modules)
	DBI-1.615_92	100.00% installed: (44 modules)
DBIx-Class-0.08124 DBIx-Class-0.08099_05 DBIx-Class-0.08008 DBIx-Class-0.06999_01 DBIx-Class-0.05000
	DBIx-Class-0.08124	100.00% installed: (77 modules)
	DBIx-Class-0.05000	9.69% installed: DBIx::Class::Relationship::Helpers 0, DBIx::Class::Relationship::ManyToMany 0, DBIx::Class::ResultSetProxy 0, DBIx::Class::ResultSourceProxy 0
	DBIx-Class-0.06999_01	13.48% installed: DBIx::Class::Relationship::BelongsTo 0
	DBIx-Class-0.08008	15.40% installed: DBIx::Class::Storage::DBI::Replication 0
	DBIx-Class-0.08099_05	17.50% installed: DBIx::Class::Storage::DBI::MultiDistinctEmulation 0, DBIx::Class::Test::SQLite 0
Can't determine which Date-Calc is installed from among Date-Calc-5.4 Date-Calc-6.3
[
  [
    {
      dist => {
        _parent => "w89_D0a7jcaH5A_ZW43UUw6JJ1M",
        author => "STBEY",
        date => "2004-10-03T09:31:00.000Z",
        distribution => "Date-Calc",
        fraction_installed => 1,
        "module.version" => "5.4",
        "module.version_numified" => "5.4",
        percent_installed => "100.00",
        release => "Date-Calc-5.4",
        "stat.mtime" => "1096791405",
        version => "5.4",
        version_numified => "5.4",
        version_obj => bless( {
          original => "5.4",
          version => [
            5,
            400
          ]
        }, 'version' )
      },
      modules => [
        {
          candidate_cpan_dist_releases => {
            "Date-Calc-5.4" => $VAR1->[0][0]{dist}
          },
          file => "/home/tim/trunk/cpan/cpan-5.008/lib/perl5/x86_64-linux-thread-multi/Date/Calc.pm",
          module => "Date::Calc",
          size => 8353,
          version => bless( {
            original => "5.4",
            version => [
              5,
              400
            ]
          }, 'version' ),
          version_obj => bless( {
            original => "5.4",
            version => [
              5,
              400
            ]
          }, 'version' )
        },
        {
          candidate_cpan_dist_releases => {
            "Date-Calc-5.4" => {
              _parent => "w89_D0a7jcaH5A_ZW43UUw6JJ1M",
              author => "STBEY",
              date => "2004-10-03T09:31:00.000Z",
              distribution => "Date-Calc",
              "module.version" => "5.4",
              "module.version_numified" => [
                "5.4",
                0
              ],
              release => "Date-Calc-5.4",
              "stat.mtime" => "1096791404",
              version => "5.4",
              version_numified => "5.4",
              version_obj => bless( {
                original => "5.4",
                version => [
                  5,
                  400
                ]
              }, 'version' )
            }
          },
          file => "/home/tim/trunk/cpan/cpan-5.008/lib/perl5/x86_64-linux-thread-multi/Date/Calc/Object.pm",
          module => "Date::Calc::Object",
          size => 44548,
          version => bless( {
            original => "5.4",
            version => [
              5,
              400
            ]
          }, 'version' ),
          version_obj => bless( {
            original => "5.4",
            version => [
              5,
              400
            ]
          }, 'version' )
        },
        {
          candidate_cpan_dist_releases => {
            "Date-Calc-5.4" => {
              _parent => "w89_D0a7jcaH5A_ZW43UUw6JJ1M",
              author => "STBEY",
              date => "2004-10-03T09:31:00.000Z",
              distribution => "Date-Calc",
              "module.version" => "5.4",
              "module.version_numified" => "5.4",
              release => "Date-Calc-5.4",
              "stat.mtime" => "1096791405",
              version => "5.4",
              version_numified => "5.4",
              version_obj => bless( {
                original => "5.4",
                version => [
                  5,
                  400
                ]
              }, 'version' )
            }
          },
          file => "/home/tim/trunk/cpan/cpan-5.008/lib/perl5/x86_64-linux-thread-multi/Date/Calendar.pm",
          module => "Date::Calendar",
          size => 6481,
          version => bless( {
            original => "5.4",
            version => [
              5,
              400
            ]
          }, 'version' ),
          version_obj => bless( {
            original => "5.4",
            version => [
              5,
              400
            ]
          }, 'version' )
        },
        {
          candidate_cpan_dist_releases => {
            "Date-Calc-5.4" => {
              _parent => "w89_D0a7jcaH5A_ZW43UUw6JJ1M",
              author => "STBEY",
              date => "2004-10-03T09:31:00.000Z",
              distribution => "Date-Calc",
              "module.version" => "5.4",
              "module.version_numified" => "5.4",
              release => "Date-Calc-5.4",
              "stat.mtime" => "1096791404",
              version => "5.4",
              version_numified => "5.4",
              version_obj => bless( {
                original => "5.4",
                version => [
                  5,
                  400
                ]
              }, 'version' )
            }
          },
          file => "/home/tim/trunk/cpan/cpan-5.008/lib/perl5/x86_64-linux-thread-multi/Date/Calendar/Profiles.pm",
          module => "Date::Calendar::Profiles",
          size => 139824,
          version => bless( {
            original => "5.4",
            version => [
              5,
              400
            ]
          }, 'version' ),
          version_obj => bless( {
            original => "5.4",
            version => [
              5,
              400
            ]
          }, 'version' )
        },
        {
          candidate_cpan_dist_releases => {
            "Date-Calc-5.4" => {
              _parent => "w89_D0a7jcaH5A_ZW43UUw6JJ1M",
              author => "STBEY",
              date => "2004-10-03T09:31:00.000Z",
              distribution => "Date-Calc",
              "module.version" => "5.4",
              "module.version_numified" => "5.4",
              release => "Date-Calc-5.4",
              "stat.mtime" => "1096791404",
              version => "5.4",
              version_numified => "5.4",
              version_obj => bless( {
                original => "5.4",
                version => [
                  5,
                  400
                ]
              }, 'version' )
            }
          },
          file => "/home/tim/trunk/cpan/cpan-5.008/lib/perl5/x86_64-linux-thread-multi/Date/Calendar/Year.pm",
          module => "Date::Calendar::Year",
          size => 18073,
          version => bless( {
            original => "5.4",
            version => [
              5,
              400
            ]
          }, 'version' ),
          version_obj => bless( {
            original => "5.4",
            version => [
              5,
              400
            ]
          }, 'version' )
        }
      ]
    },
    {
      dist => {
        _parent => "F0DYLw522Nu1EtkxnzLnqSs_mco",
        author => "STBEY",
        date => "2009-10-31T07:29:09.000Z",
        distribution => "Date-Calc",
        fraction_installed => "0.25",
        "module.version" => "6.3",
        "module.version_numified" => "6.3",
        percent_installed => "25.00",
        release => "Date-Calc-6.3",
        "stat.mtime" => "1256971981",
        version => "6.3",
        version_numified => "6.3",
        version_obj => bless( {
          original => "6.3",
          version => [
            6,
            300
          ]
        }, 'version' )
      },
      modules => [
        {
          candidate_cpan_dist_releases => {
            "Date-Calc-6.3" => $VAR1->[0][1]{dist}
          },
          file => "/home/tim/trunk/cpan/cpan-5.008/lib/perl5/Date/Calc/PP.pm",
          module => "Date::Calc::PP",
          size => 97135,
          version => bless( {
            original => "6.3",
            version => [
              6,
              300
            ]
          }, 'version' ),
          version_obj => bless( {
            original => "6.3",
            version => [
              6,
              300
            ]
          }, 'version' )
        }
      ]
    }
  ],
  [
    $VAR1->[0][1],
    $VAR1->[0][0]
  ]
]
	Selecting based on latest version
Date-Calc-5.4 Date-Calc-6.3
	Date-Calc-6.3	25.00% installed: Date::Calc::PP 6.3
	Date-Calc-5.4	100.00% installed: (5 modules)
Devel-NYTProf-4.06 Devel-NYTProf-4.05_91
	Devel-NYTProf-4.06	100.00% installed: (7 modules)
	Devel-NYTProf-4.05_91	100.00% installed: (7 modules)
ExtUtils-MakeMaker-6.56 ExtUtils-MakeMaker-6.50
	ExtUtils-MakeMaker-6.56	92.86% installed: (26 modules)
	ExtUtils-MakeMaker-6.50	9.67% installed: ExtUtils::MakeMaker::bytes 6.5, ExtUtils::MakeMaker::vmsish 6.5
HTML-FormHandler-0.32005 HTML-FormHandler-0.23
	HTML-FormHandler-0.32005	100.00% installed: (92 modules)
	HTML-FormHandler-0.23	9.57% installed: HTML::FormHandler::Field::Repeatable::Instance 0
JSON-2.53 JSON-2.26 JSON-2.25 JSON-2.24 JSON-2.23 JSON-2.22 JSON-2.21_001 JSON-2.21 JSON-2.20 JSON-2.19 JSON-2.18 JSON-2.17 JSON-2.16
	JSON-2.53	100.00% installed: JSON 2.53, JSON::backportPP::Boolean 0
	JSON-2.16	64.00% installed: JSON::PP5005 1.09, JSON::PP56 1.08, JSON::PP58 1.03
	JSON-2.17	64.00% installed: JSON::PP5005 1.09, JSON::PP56 1.08, JSON::PP58 1.03
	JSON-2.18	64.00% installed: JSON::PP5005 1.09, JSON::PP56 1.08, JSON::PP58 1.03
	JSON-2.19	64.00% installed: JSON::PP5005 1.09, JSON::PP56 1.08, JSON::PP58 1.03
	JSON-2.20	64.00% installed: JSON::PP5005 1.09, JSON::PP56 1.08, JSON::PP58 1.03
	JSON-2.21	64.00% installed: JSON::PP5005 1.09, JSON::PP56 1.08, JSON::PP58 1.03
	JSON-2.21_001	64.00% installed: JSON::PP5005 1.09, JSON::PP56 1.08, JSON::PP58 1.03
	JSON-2.22	64.00% installed: JSON::PP5005 1.09, JSON::PP56 1.08, JSON::PP58 1.03
	JSON-2.23	64.00% installed: JSON::PP5005 1.09, JSON::PP56 1.08, JSON::PP58 1.03
	JSON-2.24	64.00% installed: JSON::PP5005 1.09, JSON::PP56 1.08, JSON::PP58 1.03
	JSON-2.25	64.00% installed: JSON::PP5005 1.09, JSON::PP56 1.08, JSON::PP58 1.03
	JSON-2.26	64.00% installed: JSON::PP5005 1.09, JSON::PP56 1.08, JSON::PP58 1.03
Moose-1.25 Moose-1.14
	Moose-1.25	100.00% installed: (60 modules)
	Moose-1.14	15.24% installed: (6 modules)
MooseX-AttributeHelpers-0.23 MooseX-AttributeHelpers-0.16
	MooseX-AttributeHelpers-0.23	100.00% installed: (31 modules)
	MooseX-AttributeHelpers-0.16	15.91% installed: MooseX::AttributeHelpers::Base 0.16, MooseX::AttributeHelpers::Collection 0.16
MooseX-ClassAttribute-0.26 MooseX-ClassAttribute-0.13
	MooseX-ClassAttribute-0.26	100.00% installed: (10 modules)
	MooseX-ClassAttribute-0.13	19.00% installed: MooseX::ClassAttribute::Meta::Method::Accessor 0.13
Net-Braintree-0.2.0 Net-Braintree-0.1.1
	Net-Braintree-0.2.0	100.00% installed: (25 modules)
	Net-Braintree-0.1.1	59.13% installed: XML::SAX::Base 1.04, XML::SAX::Exception 1.01
PDF-API2-2.019 PDF-API2-0.40_16 PDF-API2-0.40_15
	PDF-API2-2.019	100.00% installed: (97 modules)
	PDF-API2-0.40_15	9.83% installed: (10 modules)
	PDF-API2-0.40_16	9.83% installed: (10 modules)
Plack-0.9982 Plack-0.9968
	Plack-0.9982	100.00% installed: (81 modules)
	Plack-0.9968	64.76% installed: Plack::Handler::Net::FastCGI 0
Pod-Parser-1.38 Pod-Parser-1.37
	Pod-Parser-1.38	100.00% installed: (8 modules)
	Pod-Parser-1.37	100.00% installed: (8 modules)
Template-Toolkit-2.22 Template-Toolkit-2.21
	Template-Toolkit-2.22	93.70% installed: (44 modules)
	Template-Toolkit-2.21	76.38% installed: Template::Plugin::Autoformat 2.7
Test-Harness-3.21 Test-Harness-3.16
	Test-Harness-3.21	98.16% installed: (48 modules)
	Test-Harness-3.16	7.91% installed: TAP::Parser::Source::Perl 3.16
authors/id/F/FL/FLORA/Algorithm-C3-0.08.tar.gz
authors/id/T/TY/TYEMQ/Algorithm-Diff-1.1902.tar.gz
authors/id/S/SA/SARTAK/Any-Moose-0.13.tar.gz
authors/id/M/MS/MSCHOUT/Apache-AuthCookie-3.14.tar.gz
authors/id/A/AB/ABH/Apache-DBI-1.08.tar.gz
authors/id/C/CH/CHORNY/Apache-Session-1.88.zip
authors/id/M/MA/MATISSE/Apache2-AuthCookieDBI-2.05.tar.gz
authors/id/M/MI/MIYAGAWA/App-cpanminus-1.4004.tar.gz
authors/id/A/AB/ABW/AppConfig-1.66.tar.gz
authors/id/B/BI/BINGOS/Archive-Extract-0.38.tar.gz
authors/id/B/BI/BINGOS/Archive-Tar-1.58.tar.gz
authors/id/A/AD/ADAMK/Archive-Zip-1.30.tar.gz
authors/id/D/DA/DAVECROSS/Array-Compare-2.01.tar.gz
authors/id/S/SM/SMUELLER/Attribute-Handlers-0.88.tar.gz
authors/id/F/FL/FLORA/B-Hooks-EndOfScope-0.08.tar.gz
authors/id/F/FL/FLORA/B-Hooks-OP-Check-0.18.tar.gz
authors/id/F/FL/FLORA/B-Keywords-1.10.tar.gz
authors/id/J/JJ/JJORE/B-Utils-0.11.tar.gz
authors/id/S/ST/STBEY/Bit-Vector-7.1.tar.gz
authors/id/H/HI/HINRIK/Bot-BasicBot-0.88.tar.gz
authors/id/B/BO/BOWMANBS/CGI-Expand-2.02.tar.gz
authors/id/N/NW/NWIGER/CGI-FormBuilder-3.0501.tgz
authors/id/A/AN/ANDYA/CGI-Simple-1.112.tar.gz
authors/id/A/AN/ANDK/CPAN-1.9600.tar.gz
authors/id/D/DA/DAGOLDEN/CPAN-Meta-YAML-0.003.tar.gz
authors/id/B/BI/BINGOS/CPANPLUS-0.9109.tar.gz
authors/id/B/BI/BINGOS/CPANPLUS-Dist-Build-0.46.tar.gz
authors/id/G/GT/GTERMARS/CSS-Minifier-XS-0.07.tar.gz
authors/id/J/JS/JSWARTZ/Cache-Cache-1.06.tar.gz
authors/id/R/RO/ROBM/Cache-FastMmap-1.35.tar.gz
authors/id/B/BR/BRADFITZ/Cache-Memcached-1.28.tar.gz
authors/id/K/KR/KROKI/Cache-Memcached-Fast-0.19.tar.gz
authors/id/E/EL/ELIZABETH/Cache-Memcached-Managed-0.20.tar.gz
authors/id/D/DM/DMAKI/Cache-Memcached-libmemcached-0.02011.tar.gz
authors/id/A/AN/ANDYA/Captcha-reCAPTCHA-0.94.tar.gz
authors/id/M/MS/MSCHWERN/Carp-Assert-0.20.tar.gz
authors/id/P/PE/PETDANCE/Carp-Assert-More-1.12.tar.gz
authors/id/S/ST/STBEY/Carp-Clan-6.04.tar.gz
authors/id/B/BO/BOBTFISH/Catalyst-Action-REST-0.83.tar.gz
authors/id/B/BO/BOBTFISH/Catalyst-Action-RenderView-0.14.tar.gz
authors/id/C/CO/CONVERTER/Catalyst-ActionRole-ACL-0.05.tar.gz
authors/id/B/BO/BOBTFISH/Catalyst-ActionRole-MatchRequestMethod-0.02.tar.gz
authors/id/F/FL/FLORA/Catalyst-Authentication-Credential-Facebook-OAuth2-0.01.tar.gz
authors/id/F/FL/FLORA/Catalyst-Authentication-Store-DBIx-Class-0.1200.tar.gz
authors/id/G/GR/GRODITI/Catalyst-Component-InstancePerContext-0.001001.tar.gz
authors/id/F/FL/FLORA/Catalyst-Controller-ActionRole-0.13.tar.gz
authors/id/A/AB/ABRAXXA/Catalyst-Controller-DBIC-API-2.002002.tar.gz
authors/id/B/BO/BOBTFISH/Catalyst-Devel-1.28.tar.gz
authors/id/A/AG/AGRUNDMA/Catalyst-Engine-Apache-1.12.tar.gz
authors/id/M/MI/MIYAGAWA/Catalyst-Engine-PSGI-0.11.tar.gz
authors/id/B/BO/BOBTFISH/Catalyst-Log-Log4perl-1.04.tar.gz
authors/id/B/BO/BOBTFISH/Catalyst-Model-Adaptor-0.08.tar.gz
authors/id/R/RK/RKITOVER/Catalyst-Model-DBIC-Schema-0.43.tar.gz
authors/id/F/FL/FLORA/Catalyst-Plugin-Authentication-0.10016.tar.gz
authors/id/B/BR/BRICAS/Catalyst-Plugin-Authorization-Roles-0.08.tar.gz
authors/id/B/BO/BOBTFISH/Catalyst-Plugin-Cache-0.10.tar.gz
authors/id/M/MS/MSTROUT/Catalyst-Plugin-Compress-Zlib-0.06.tar.gz
authors/id/B/BR/BRICAS/Catalyst-Plugin-ConfigLoader-0.27.tar.gz
authors/id/M/MR/MRAMBERG/Catalyst-Plugin-Email-0.08.tar.gz
authors/id/C/CH/CHISEL/Catalyst-Plugin-ErrorCatcher-0.0.8.5.tar.gz
authors/id/T/TI/TIMB/Catalyst-Plugin-PageCache-0.31.tar.gz
authors/id/B/BO/BOBTFISH/Catalyst-Plugin-Session-0.29.tar.gz
authors/id/M/MS/MSTROUT/Catalyst-Plugin-Session-State-Cookie-0.17.tar.gz
authors/id/M/MS/MSTROUT/Catalyst-Plugin-Session-Store-FastMmap-0.13.tar.gz
authors/id/F/FL/FLORA/Catalyst-Plugin-Session-Store-File-0.18.tar.gz
authors/id/F/FL/FLORA/Catalyst-Plugin-Session-Store-Memcached-0.04.tar.gz
authors/id/B/BW/BWIZARD/Catalyst-Plugin-Session-Store-Memcached-Fast-0.02.tar.gz
authors/id/M/MS/MSTROUT/Catalyst-Plugin-StackTrace-0.11.tar.gz
authors/id/M/MS/MSTROUT/Catalyst-Plugin-Static-Simple-0.29.tar.gz
authors/id/B/BO/BOBTFISH/Catalyst-Runtime-5.90002.tar.gz
authors/id/F/FL/FLORA/Catalyst-TraitFor-Request-BrowserDetect-0.02.tar.gz
authors/id/M/MI/MIYAGAWA/Catalyst-View-JSON-0.31.tar.gz
authors/id/B/BO/BOBTFISH/Catalyst-View-TT-0.34.tar.gz
authors/id/B/BO/BOBTFISH/CatalystX-Component-Traits-0.16.tar.gz
authors/id/R/RK/RKRIMEN/CatalystX-InjectComponent-0.024.tar.gz
authors/id/H/HD/HDP/CatalystX-RoleApplicator-0.005.tar.gz
authors/id/B/BO/BOBTFISH/CatalystX-SimpleLogin-0.14.tar.gz
authors/id/K/KA/KASEI/Class-Accessor-0.34.tar.gz
authors/id/R/RC/RCLAMP/Class-Accessor-Chained-0.01.tar.gz
authors/id/F/FR/FREW/Class-Accessor-Grouped-0.10003.tar.gz
authors/id/A/AB/ABW/Class-Base-0.03.tar.gz
authors/id/F/FL/FLORA/Class-C3-0.22.tar.gz
authors/id/F/FL/FLORA/Class-C3-Adopt-NEXT-0.12.tar.gz
authors/id/A/AS/ASH/Class-C3-Componentised-1.0006.tar.gz
authors/id/F/FL/FLORA/Class-C3-XS-0.13.tar.gz
authors/id/C/CL/CLACO/Class-Data-Accessor-0.04004.tar.gz
authors/id/T/TM/TMTM/Class-Data-Inheritable-0.08.tar.gz
authors/id/D/DR/DROLSKY/Class-Factory-Util-1.7.tar.gz
authors/id/A/AD/ADAMK/Class-Inspector-1.24.tar.gz
authors/id/D/DR/DROLSKY/Class-Load-0.08.tar.gz
authors/id/F/FL/FLORA/Class-MOP-1.12.tar.gz
authors/id/E/EV/EVO/Class-MakeMethods-1.01.tar.gz
authors/id/S/SA/SARTAK/Class-Method-Modifiers-1.05.tar.gz
authors/id/S/SC/SCHWIGON/class-methodmaker/Class-MethodMaker-2.16.tar.gz
authors/id/A/AB/ABW/Class-Singleton-1.4.tar.gz
authors/id/I/IL/ILMARI/Class-Unload-0.05.tar.gz
authors/id/S/SM/SMUELLER/Class-XSAccessor-1.11.tar.gz
authors/id/R/RD/RDF/Clone-0.31.tar.gz
authors/id/P/PM/PMQS/Compress-Raw-Bzip2-2.026.tar.gz
authors/id/P/PM/PMQS/Compress-Raw-Zlib-2.026.tar.gz
authors/id/B/BR/BRICAS/Config-Any-0.23.tar.gz
authors/id/T/TL/TLINDEN/Config-General-2.48.tar.gz
authors/id/A/AD/ADAMK/Config-Tiny-2.13.tar.gz
authors/id/J/JR/JROCKWAY/Context-Preserve-0.01.tar.gz
authors/id/D/DP/DPARIS/Crypt-Blowfish-2.12.tar.gz
authors/id/L/LD/LDS/Crypt-CBC-2.30.tar.gz
authors/id/D/DL/DLAND/Crypt-SSLeay-0.57.tar.gz
authors/id/D/DR/DROLSKY/DBD-Mock-1.39.tar.gz
authors/id/T/TU/TURNSTEP/DBD-Pg-2.17.1.tar.gz
authors/id/A/AD/ADAMK/DBD-SQLite-1.29.tar.gz
authors/id/T/TI/TIMB/DBI-1.616.tar.gz
authors/id/F/FR/FREW/DBIx-Class-0.08124.tar.gz
authors/id/A/AR/ARCANEZ/DBIx-Class-Cursor-Cached-1.001000.tar.gz
authors/id/L/LS/LSAUNDERS/DBIx-Class-Fixtures-1.001009.tar.gz
authors/id/G/GR/GRODITI/DBIx-Class-IntrospectableM2M-0.001001.tar.gz
authors/id/Z/ZB/ZBY/DBIx-Class-ResultSet-RecursiveUpdate-0.012.tar.gz
authors/id/L/LS/LSAUNDERS/DBIx-Class-ResultSet-WithMetaData-1.001000.tar.gz
authors/id/R/RI/RIBASUSHI/DBIx-Class-Schema-Loader-0.07002.tar.gz
authors/id/X/XM/XMATH/Data-Alias-1.07.tar.gz
authors/id/S/SC/SCHWIGON/data-dpath/Data-DPath-0.35.tar.gz
authors/id/N/NP/NPEREZ/Data-DPath-Validator-0.093411.tar.gz
authors/id/G/GA/GAAS/Data-Dump-1.15.tar.gz
authors/id/J/JJ/JJORE/Data-Dump-Streamer-2.13.tar.gz
authors/id/F/FR/FREW/Data-Dumper-Concise-2.020.tar.gz
authors/id/R/RJ/RJBS/Data-OptList-0.106.tar.gz
authors/id/L/LB/LBROCARD/Data-Page-2.02.tar.gz
authors/id/L/LL/LLAP/Data-Pageset-1.06.tar.gz
authors/id/N/NE/NEELY/Data-Serializer-0.49.tar.gz
authors/id/F/FL/FLORA/Data-Stream-Bulk-0.08.tar.gz
authors/id/F/FL/FLORA/Data-Visitor-0.27.tar.gz
authors/id/S/ST/STBEY/Date-Calc-6.3.tar.gz
authors/id/R/RB/RBOW/Date-ICal-1.72.tar.gz
authors/id/R/RB/RBOW/Date-Leapyear-1.72.tar.gz
authors/id/S/SB/SBECK/Date-Manip-5.56.tar.gz
authors/id/D/DR/DROLSKY/DateTime-0.70.tar.gz
authors/id/F/FG/FGLOCK/DateTime-Event-ICal-0.10.tar.gz
authors/id/F/FG/FGLOCK/DateTime-Event-Recurrence-0.16.tar.gz
authors/id/I/IK/IKEGAMI/DateTime-Format-Atom-v1.0.2.tar.gz
authors/id/D/DR/DROLSKY/DateTime-Format-Builder-0.80.tar.gz
authors/id/B/BB/BBENNETT/dt-fmt-datemanip/DateTime-Format-DateManip-0.04.tar.gz
authors/id/T/TH/THINC/DateTime-Format-Flexible-0.15.tar.gz
authors/id/D/DR/DROLSKY/DateTime-Format-HTTP-0.38.tar.gz
authors/id/D/DR/DROLSKY/DateTime-Format-ICal-0.09.tar.gz
authors/id/J/JH/JHOBLITT/DateTime-Format-ISO8601-0.07.tar.gz
authors/id/D/DR/DROLSKY/DateTime-Format-MySQL-0.04.tar.gz
authors/id/S/SC/SCHUBIGER/DateTime-Format-Natural-0.85.tar.gz
authors/id/D/DM/DMAKI/DateTime-Format-Pg-0.16004.tar.gz
authors/id/I/IK/IKEGAMI/DateTime-Format-RFC3339-v1.0.5.tar.gz
authors/id/C/CF/CFAERBER/DateTime-Format-SQLite-0.11.tar.gz
authors/id/D/DR/DROLSKY/DateTime-Format-Strptime-1.5000.tar.gz
authors/id/D/DR/DROLSKY/DateTime-Format-W3CDTF-0.05.tar.gz
authors/id/D/DR/DROLSKY/DateTime-Locale-0.45.tar.gz
authors/id/F/FG/FGLOCK/DateTime-Set-0.28.tar.gz
authors/id/D/DR/DROLSKY/DateTime-TimeZone-1.17.tar.gz
authors/id/R/RK/RKRIMEN/DateTimeX-Easy-0.088.tar.gz
authors/id/R/RC/RCLAMP/Devel-Caller-2.05.tar.gz
authors/id/P/PJ/PJCJ/Devel-Cover-0.71.tar.gz
authors/id/F/FL/FLORA/Devel-Declare-0.006000.tar.gz
authors/id/N/NU/NUFFIN/Devel-GlobalDestruction-0.02.tar.gz
authors/id/T/TI/TIMB/Devel-NYTProf-4.06.tar.gz
authors/id/M/MH/MHX/Devel-PPPort-3.19.tar.gz
authors/id/F/FL/FLORA/Devel-PartialDump-0.13.tar.gz
authors/id/S/SA/SAPER/Devel-SimpleTrace-0.07.tar.gz
authors/id/N/NW/NWCLARK/Devel-Size-0.77.tar.gz
authors/id/D/DR/DROLSKY/Devel-StackTrace-1.25.tar.gz
authors/id/M/MI/MIYAGAWA/Devel-StackTrace-AsHTML-0.11.tar.gz
authors/id/A/AN/ANDK/Devel-Symdump-2.08.tar.gz
authors/id/M/MJ/MJD/Devel-Trace-0.11.tar.gz
authors/id/G/GA/GAAS/Digest-HMAC-1.02.tar.gz
authors/id/G/GA/GAAS/Digest-MD5-2.39.tar.gz
authors/id/D/DM/DMUEY/Digest-MD5-File-0.07.tar.gz
authors/id/M/MS/MSHELOR/Digest-SHA-5.48.tar.gz
authors/id/G/GA/GAAS/Digest-SHA1-2.12.tar.gz
authors/id/D/DO/DOY/Dist-CheckConflicts-0.02.tar.gz
authors/id/R/RJ/RJBS/Email-Address-1.892.tar.gz
authors/id/R/RJ/RJBS/Email-Date-Format-1.002.tar.gz
authors/id/R/RJ/RJBS/Email-MIME-1.906.tar.gz
authors/id/R/RJ/RJBS/Email-MIME-ContentType-1.015.tar.gz
authors/id/R/RJ/RJBS/Email-MIME-Encodings-1.313.tar.gz
authors/id/R/RJ/RJBS/Email-MessageID-1.402.tar.gz
authors/id/R/RJ/RJBS/Email-Send-2.198.tar.gz
authors/id/R/RJ/RJBS/Email-Simple-2.100.tar.gz
authors/id/R/RJ/RJBS/Email-Valid-0.184.tar.gz
authors/id/D/DA/DANKOGAI/Encode-2.39.tar.gz
authors/id/S/SH/SHLOMIF/Error-0.17016.tar.gz
authors/id/D/DO/DOY/Eval-Closure-0.06.tar.gz
authors/id/D/DR/DROLSKY/Exception-Class-1.32.tar.gz
authors/id/F/FE/FERREIRA/Exporter-5.63.tar.gz
authors/id/M/MS/MSCHWERN/Exporter-Lite-0.02.tar.gz
authors/id/D/DA/DAGOLDEN/ExtUtils-CBuilder-0.2703.tar.gz
authors/id/R/RK/RKOBES/ExtUtils-Command-1.16.tar.gz
authors/id/T/TS/TSCH/ExtUtils-Depends-0.302.tar.gz
authors/id/Y/YV/YVES/ExtUtils-Install-1.54.tar.gz
authors/id/M/MS/MSCHWERN/ExtUtils-MakeMaker-6.56.tar.gz
authors/id/R/RK/RKOBES/ExtUtils-Manifest-1.56.tar.gz
authors/id/D/DA/DAGOLDEN/ExtUtils-ParseXS-2.2205.tar.gz
authors/id/F/FL/FLORA/FCGI-0.74.tar.gz
authors/id/G/GB/GBJK/FCGI-ProcManager-0.19.tar.gz
authors/id/G/GE/GETTY/Facebook-0.010.tar.gz
authors/id/R/RI/RIZEN/Facebook-Graph-1.0100.tar.gz
authors/id/D/DR/DROLSKY/File-ChangeNotify-0.16.tar.gz
authors/id/D/DM/DMUEY/File-Copy-Recursive-0.38.tar.gz
authors/id/B/BI/BINGOS/File-Fetch-0.24.tar.gz
authors/id/R/RC/RCLAMP/File-Find-Rule-0.32.tar.gz
authors/id/A/AD/ADAMK/File-HomeDir-0.89.tar.gz
authors/id/C/CO/CORION/File-Modified-0.07.tar.gz
authors/id/P/PE/PETDANCE/File-Next-1.06.tar.gz
authors/id/D/DL/DLAND/File-Path-2.08.tar.gz
authors/id/A/AD/ADAMK/File-Remove-1.42.tar.gz
authors/id/A/AD/ADAMK/File-ShareDir-1.02.tar.gz
authors/id/G/GW/GWYN/File-ShareDir-Install-0.03.tar.gz
authors/id/D/DR/DROLSKY/File-Slurp-9999.13.tar.gz
authors/id/M/MG/MGRABNAR/File-Tail-0.99.3.tar.gz
authors/id/T/TJ/TJENNESS/File-Temp-0.22.tar.gz
authors/id/A/AD/ADAMK/File-Which-1.09.tar.gz
authors/id/M/MI/MIYAGAWA/Filesys-Notify-Simple-0.06.tar.gz
authors/id/L/LE/LEMBARK/FindBin-libs-1.51.tar.gz
authors/id/M/MH/MHOSKEN/Font-TTF-0.48.tar.gz
authors/id/T/TI/TIMB/Geo-StreetAddress-US-1.03.tar.gz
authors/id/J/JV/JV/Getopt-Long-2.38.tar.gz
authors/id/R/RJ/RJBS/Getopt-Long-Descriptive-0.090.tar.gz
authors/id/L/LB/LBROCARD/GraphViz-2.04.tar.gz
authors/id/G/GS/GSHANK/HTML-FormHandler-0.32005.tar.gz
authors/id/G/GS/GSHANK/HTML-FormHandler-Model-DBIC-0.12.tar.gz
authors/id/G/GA/GAAS/HTML-Parser-3.67.tar.gz
authors/id/K/KI/KILINRAX/HTML-Strip-1.06.tar.gz
authors/id/P/PE/PETDANCE/HTML-Tagset-3.20.tar.gz
authors/id/A/AN/ANDYA/HTML-Tiny-1.05.tar.gz
authors/id/G/GE/GETTY/HTTP-Body-1.12.tar.gz
authors/id/O/OA/OALDERS/HTTP-BrowserDetect-1.24.tar.gz
authors/id/T/TM/TMUELLER/HTTP-Exception-0.03001.tar.gz
authors/id/K/KA/KAZUHO/HTTP-Parser-XS-0.09.tar.gz
authors/id/F/FL/FLORA/HTTP-Request-AsCGI-1.2.tar.gz
authors/id/D/DA/DANKOGAI/HTTP-Response-Encoding-0.06.tar.gz
authors/id/J/JE/JESSE/HTTP-Server-Simple-0.42.tar.gz
authors/id/M/MI/MIYAGAWA/HTTP-Server-Simple-PSGI-0.14.tar.gz
authors/id/M/MA/MARCEL/Hash-Inflator-1.100820.tar.gz
authors/id/D/DM/DMUEY/Hash-Merge-0.12.tar.gz
authors/id/M/MI/MIYAGAWA/Hash-MultiValue-0.08.tar.gz
authors/id/C/CH/CHORNY/Hook-LexWrap-0.23.tar.gz
authors/id/G/GB/GBARR/IO-1.25.tar.gz
authors/id/I/IN/INGY/IO-All-0.41.tar.gz
authors/id/P/PM/PMQS/IO-Compress-2.026.tar.gz
authors/id/D/DC/DCONWAY/IO-Prompt-0.997.tar.gz
authors/id/S/SU/SULLR/IO-Socket-SSL-1.37.tar.gz
authors/id/G/GA/GAAS/IO-String-1.08.tar.gz
authors/id/T/TO/TODDR/IO-Tty-1.10.tar.gz
authors/id/T/TO/TOMHUGHES/IO-Zlib-1.10.tar.gz
authors/id/D/DS/DSKOLL/IO-stringy-2.110.tar.gz
authors/id/B/BI/BINGOS/IPC-Cmd-0.56.tar.gz
authors/id/T/TO/TODDR/IPC-Run-0.89.tar.gz
authors/id/R/RJ/RJBS/IPC-Run3-0.044.tar.gz
authors/id/P/PJ/PJF/IPC-System-Simple-1.21.tar.gz
authors/id/H/HI/HINRIK/IRC-Utils-0.12.tar.gz
authors/id/S/SI/SISYPHUS/Inline-0.46.tar.gz
authors/id/M/MA/MAKAMAKA/JSON-2.53.tar.gz
authors/id/P/PE/PERIGRIN/JSON-Any-1.22.tar.gz
authors/id/M/MA/MAKAMAKA/JSON-PP-2.27200.tar.gz
authors/id/M/ML/MLEHMANN/JSON-XS-2.29.tar.gz
authors/id/G/GT/GTERMARS/JavaScript-Minifier-XS-0.08.tar.gz
authors/id/J/JE/JESSE/LWP-UserAgent-Determined-1.04.tar.gz
authors/id/D/DC/DCONWAY/Lingua-EN-Inflect-1.891.tar.gz
authors/id/S/SI/SIMON/Lingua-EN-Inflect-Number-1.1.tar.gz
authors/id/R/RK/RKITOVER/Lingua-EN-Inflect-Phrase-0.04.tar.gz
authors/id/A/AC/ACOBURN/Lingua-EN-Tagger-0.15.tar.gz
authors/id/X/XE/XERN/Lingua-PT-Stemmer-0.01.tar.gz
authors/id/S/SN/SNOWHARE/Lingua-Stem-0.83.tar.gz
authors/id/S/SD/SDP/Lingua-Stem-Fr-0.02.tar.gz
authors/id/A/AC/ACALPINI/Lingua-Stem-It-0.02.tar.gz
authors/id/A/AL/ALGDR/Lingua-Stem-Ru-0.01.tar.gz
authors/id/C/CI/CINE/Lingua-Stem-Snowball-Da-1.01.tar.gz
authors/id/V/VP/VPARSEVAL/List-MoreUtils-0.22.tar.gz
authors/id/J/JE/JESSE/Locale-Maketext-Simple-0.21.tar.gz
authors/id/M/MS/MSCHILLI/Log-Log4perl-1.28.tar.gz
authors/id/K/KA/KANE/Log-Message-0.02.tar.gz
authors/id/B/BI/BINGOS/Log-Message-Simple-0.06.tar.gz
authors/id/K/KA/KAZUHO/MIME-Base64-URLSafe-0.01.tar.gz
authors/id/R/RJ/RJBS/MIME-Lite-3.027.tar.gz
authors/id/M/MA/MARKOV/MIME-Types-1.29.tar.gz
authors/id/F/FL/FLORA/MRO-Compat-0.11.tar.gz
authors/id/M/MA/MARKOV/Mail-Box-2.094.tar.gz
authors/id/M/MA/MARKOV/MailTools-2.06.tar.gz
authors/id/B/BR/BRICAS/Math-Base36-0.07.tar.gz
authors/id/F/FL/FLORA/Math-BigInt-1.95.tar.gz
authors/id/F/FL/FLORA/Math-BigRat-0.26.tar.gz
authors/id/G/GR/GROMMEL/Math-Round-0.06.tar.gz
authors/id/T/TI/TIMB/Memcached-libmemcached-0.4405.tar.gz
authors/id/B/BP/BPOWERS/Memoize-ExpireLRU-0.55.tar.gz
authors/id/D/DT/DTRISCHUK/Memoize-Memcached-0.03.tar.gz
authors/id/R/RH/RHESA/Method-Signatures-Simple-0.06.tar.gz
authors/id/D/DA/DAGOLDEN/Module-Build-0.3607.tar.gz
authors/id/B/BI/BINGOS/Module-CoreList-2.29.tar.gz
authors/id/C/CR/CRENZ/Module-Find-0.10.tar.gz
authors/id/A/AD/ADAMK/Module-Install-1.01.tar.gz
authors/id/X/XA/XAICRON/Module-Install-TestTarget-0.18.tar.gz
authors/id/B/BI/BINGOS/Module-Load-0.18.tar.gz
authors/id/B/BI/BINGOS/Module-Load-Conditional-0.44.tar.gz
authors/id/B/BI/BINGOS/Module-Loaded-0.06.tar.gz
authors/id/S/SI/SIMONW/Module-Pluggable-3.9.tar.gz
authors/id/J/JE/JESSE/Module-Refresh-0.13.tar.gz
authors/id/S/SM/SMUELLER/Module-ScanDeps-0.97.tar.gz
authors/id/F/FL/FLORA/Module-Signature-0.66.tar.gz
authors/id/K/KR/KRAIH/Mojolicious-1.1.tar.gz
authors/id/D/DR/DROLSKY/Moose-1.25.tar.gz
authors/id/R/RJ/RJBS/Moose-Autobox-0.11.tar.gz
authors/id/D/DR/DROLSKY/MooseX-AttributeHelpers-0.23.tar.gz
authors/id/D/DR/DROLSKY/MooseX-ClassAttribute-0.26.tar.gz
authors/id/F/FL/FLORA/MooseX-Emulate-Class-Accessor-Fast-0.00903.tar.gz
authors/id/B/BO/BOBTFISH/MooseX-Getopt-0.33.tar.gz
authors/id/R/RL/RLB/MooseX-Iterator-0.11.tar.gz
authors/id/F/FL/FLORA/MooseX-LazyRequire-0.06.tar.gz
authors/id/L/LA/LAMMEL/MooseX-Log-Log4perl-0.40.tar.gz
authors/id/F/FL/FLORA/MooseX-Meta-TypeConstraint-ForceCoercion-0.01.tar.gz
authors/id/F/FL/FLORA/MooseX-Method-Signatures-0.36.tar.gz
authors/id/F/FL/FLORA/MooseX-MethodAttributes-0.24.tar.gz
authors/id/D/DO/DOY/MooseX-NonMoose-0.16.tar.gz
authors/id/D/DR/DROLSKY/MooseX-Params-Validate-0.14.tar.gz
authors/id/H/HD/HDP/MooseX-RelatedClassRoles-0.004.tar.gz
authors/id/J/JJ/JJNAPIORK/MooseX-Role-BuildInstanceOf-0.06.tar.gz
authors/id/S/SA/SARTAK/MooseX-Role-Parameterized-0.26.tar.gz
authors/id/F/FL/FLORA/MooseX-Role-WithOverloading-0.09.tar.gz
authors/id/D/DR/DROLSKY/MooseX-SemiAffordanceAccessor-0.09.tar.gz
authors/id/D/DR/DROLSKY/MooseX-StrictConstructor-0.11.tar.gz
authors/id/J/JR/JROCKWAY/MooseX-Traits-0.09.tar.gz
authors/id/R/RK/RKITOVER/MooseX-Traits-Pluggable-0.09.tar.gz
authors/id/D/DR/DROLSKY/MooseX-Types-0.28.tar.gz
authors/id/G/GR/GRODITI/MooseX-Types-Common-0.001002.tar.gz
authors/id/N/NU/NUFFIN/MooseX-Types-DateTime-0.05.tar.gz
authors/id/E/EC/ECARROLL/MooseX-Types-DateTime-ButMaintained-0.11.tar.gz
authors/id/E/EC/ECARROLL/MooseX-Types-DateTimeX-0.06.tar.gz
authors/id/B/BO/BOBTFISH/MooseX-Types-LoadableClass-0.006.tar.gz
authors/id/T/TH/THEPLER/MooseX-Types-Path-Class-0.05.tar.gz
authors/id/J/JJ/JJNAPIORK/MooseX-Types-Structured-0.27.tar.gz
authors/id/F/FL/FLORA/MooseX-Types-URI-0.02.tar.gz
authors/id/G/GF/GFUJI/Mouse-0.53.tar.gz
authors/id/L/LB/LBROCARD/Net-Amazon-S3-0.53.tar.gz
authors/id/B/BR/BRAINTREE/Net-Braintree-0.2.0.tar.gz
authors/id/O/OL/OLAF/Net-DNS-0.66.tar.gz
authors/id/M/MA/MAMOD/Net-Facebook-Oauth2-0.02.tar.gz
authors/id/F/FR/FRANCKC/Net-HTTP-Spore-0.03.tar.gz
authors/id/C/CF/CFAERBER/Net-IDN-Encode-1.100.tar.gz
authors/id/C/CF/CFAERBER/Net-IDN-Nameprep-1.100.tar.gz
authors/id/M/MA/MANU/Net-IP-1.25.tar.gz
authors/id/K/KG/KGRENNAN/Net-OAuth-0.27.tar.gz
authors/id/F/FL/FLORA/Net-SSLeay-1.36.tar.gz
authors/id/R/RH/RHANDOM/Net-Server-0.97.tar.gz
authors/id/K/KA/KAZUHO/Net-Server-SS-PreFork-0.05.tar.gz
authors/id/D/DE/DESPAIR/Net-Whois-Raw-2.33.tar.gz
authors/id/R/RC/RCLAMP/Number-Compare-0.01.tar.gz
authors/id/W/WR/WRW/Number-Format-1.73.tar.gz
authors/id/B/BI/BINGOS/Object-Accessor-0.36.tar.gz
authors/id/H/HI/HINRIK/Object-Pluggable-1.29.tar.gz
authors/id/M/MA/MARKOV/Object-Realize-Later-0.18.tar.gz
authors/id/A/AD/ADAMK/Object-Signature-1.05.tar.gz
authors/id/E/EC/ECARROLL/Olson-Abbreviations-0.02.tar.gz
authors/id/S/SM/SMUELLER/PAR-Dist-0.47.tar.gz
authors/id/S/SS/SSIMMS/PDF-API2-2.019.tar.gz
authors/id/R/RC/RCAPUTO/POE-1.312.tar.gz
authors/id/H/HI/HINRIK/POE-Component-IRC-6.74.tar.gz
authors/id/A/AP/APOCAL/POE-Component-SSLify-1.008.tar.gz
authors/id/H/HI/HINRIK/POE-Component-Syndicator-0.06.tar.gz
authors/id/B/BI/BINGOS/POE-Filter-IRCD-2.42.tar.gz
authors/id/R/RC/RCAPUTO/POE-Test-Loops-1.312.tar.gz
authors/id/A/AD/ADAMK/PPI-1.213.tar.gz
authors/id/E/EL/ELLIOTJS/PPIx-Utilities-1.000001.tar.gz
authors/id/M/MI/MIYAGAWA/PSGI-1.03.tar.gz
authors/id/K/KA/KANE/Package-Constants-0.02.tar.gz
authors/id/D/DR/DROLSKY/Package-DeprecationManager-0.11.tar.gz
authors/id/D/DO/DOY/Package-Stash-0.31.tar.gz
authors/id/D/DO/DOY/Package-Stash-XS-0.23.tar.gz
authors/id/R/RO/ROBIN/PadWalker-1.9.tar.gz
authors/id/K/KA/KANE/Params-Check-0.26.tar.gz
authors/id/A/AD/ADAMK/Params-Util-1.01.tar.gz
authors/id/D/DR/DROLSKY/Params-Validate-1.00.tar.gz
authors/id/D/DA/DAGOLDEN/Parse-CPAN-Meta-1.4401.tar.gz
authors/id/F/FL/FLORA/Parse-Method-Signatures-1.003013.tar.gz
authors/id/D/DC/DCONWAY/Parse-RecDescent-1.965001.tar.gz
authors/id/K/KW/KWILLIAMS/Path-Class-0.18.tar.gz
authors/id/S/SM/SMUELLER/PathTools-3.31.tar.gz
authors/id/E/EL/ELLIOTJS/Perl-Critic-1.109.tar.gz
authors/id/S/SH/SHANCOCK/Perl-Tidy-20090616.tar.gz
authors/id/C/CF/CFRANKS/Perl6-Junction-1.40000.tar.gz
authors/id/M/MI/MIYAGAWA/Plack-0.9982.tar.gz
authors/id/M/MI/MIYAGAWA/Plack-Middleware-Debug-0.10.tar.gz
authors/id/T/TI/TIMB/Plack-Middleware-Debug-CatalystPluginCache-0.101.tar.gz
authors/id/T/TI/TIMB/Plack-Middleware-Debug-DBIProfile-0.102.tar.gz
authors/id/D/DA/DANJOU/Plack-Middleware-ReverseProxy-0.10.tar.gz
authors/id/F/FL/FLORA/Plack-Test-ExternalServer-0.01.tar.gz
authors/id/R/RC/RCLAMP/Pod-Coverage-0.20.tar.gz
authors/id/S/SB/SBURKE/Pod-Escapes-1.04.tar.gz
authors/id/M/MA/MAREKR/Pod-Parser-1.38.tar.gz
authors/id/D/DW/DWHEELER/Pod-Simple-3.13.tar.gz
authors/id/K/KW/KWILLIAMS/Probe-Perl-0.01.tar.gz
authors/id/C/CT/CTILMES/Proc-Wait3-0.03.tar.gz
authors/id/R/RJ/RJRAY/RPC-XML-0.73.tar.gz
authors/id/R/RO/ROODE/Readonly-1.03.tar.gz
authors/id/R/RO/ROODE/Readonly-XS-1.05.tar.gz
authors/id/A/AB/ABIGAIL/Regexp-Common-2010010201.tar.gz
authors/id/R/RJ/RJBS/Return-Value-1.666001.tar.gz
authors/id/M/MK/MKUTTER/SOAP-Lite-0.711.tar.gz
authors/id/F/FR/FREW/SQL-Abstract-1.72.tar.gz
authors/id/D/DA/DAVEBAIRD/SQL-Abstract-Limit-0.141.tar.gz
authors/id/R/RI/RIBASUSHI/SQL-Translator-0.11006.tar.gz
authors/id/G/GB/GBARR/Scalar-List-Utils-1.23.tar.gz
authors/id/C/CH/CHOCOLATE/Scope-Guard-0.20.tar.gz
authors/id/K/KA/KAZUHO/Server-Starter-0.11.tar.gz
authors/id/F/FG/FGLOCK/Set-Infinite-0.63.tar.gz
authors/id/S/SW/SWMCD/Set-IntSpan-1.13.tar.gz
authors/id/S/SA/SAMV/Set-Object-1.27.tar.gz
authors/id/A/AS/ASKSH/Snowball-Norwegian-1.2.tar.gz
authors/id/A/AS/ASKSH/Snowball-Swedish-1.2.tar.gz
authors/id/I/IN/INGY/Spiffy-0.30.tar.gz
authors/id/M/MI/MIYAGAWA/Starman-0.2006.tar.gz
authors/id/D/DC/DCANTRELL/Statistics-ChiSquare-0.5.tar.gz
authors/id/S/SH/SHLOMIF/Statistics-Descriptive-3.0100.tar.gz
authors/id/A/AM/AMS/Storable-2.21.tar.gz
authors/id/S/SO/SOENKE/String-CRC32-1.4.tar.gz
authors/id/D/DA/DARREN/String-Format-1.16.tar.gz
authors/id/S/ST/STEVE/String-Random-0.22.tar.gz
authors/id/R/RJ/RJBS/String-RewritePrefix-0.005.tar.gz
authors/id/R/RJ/RJBS/String-Truncate-1.100570.tar.gz
authors/id/R/RJ/RJBS/Sub-Exporter-0.982.tar.gz
authors/id/R/RG/RGARCIA/Sub-Identify-0.04.tar.gz
authors/id/R/RJ/RJBS/Sub-Install-0.925.tar.gz
authors/id/F/FL/FLORA/Sub-Name-0.05.tar.gz
authors/id/D/DA/DAGOLDEN/Sub-Uplevel-0.22.tar.gz
authors/id/S/SA/SAPER/Sys-Syslog-0.27.tar.gz
authors/id/D/DW/DWHEELER/TAP-Parser-SourceHandler-pgTAP-3.27.tar.gz
authors/id/A/AD/ADAMK/Task-Weaken-1.03.tar.gz
authors/id/M/MI/MIYAGAWA/Template-Plugin-Comma-0.04.tar.gz
authors/id/M/MS/MSCHOUT/Template-Plugin-Filter-Minify-CSS-XS-0.94.tar.gz
authors/id/M/MS/MSCHOUT/Template-Plugin-Filter-Minify-JavaScript-XS-0.92.tar.gz
authors/id/M/MS/MSCHOUT/Template-Plugin-Filter-String-Truncate-0.02.tar.gz
authors/id/P/PE/PETDANCE/Template-Timer-1.00.tar.gz
authors/id/A/AB/ABW/Template-Toolkit-2.22.tar.gz
authors/id/I/IL/ILYAZ/modules/Term-ReadLine-Perl-1.0303.tar.gz
authors/id/K/KA/KANE/Term-UI-0.20.tar.gz
authors/id/J/JS/JSTOWE/TermReadKey-2.30.tar.gz
authors/id/O/OV/OVID/Test-Aggregate-0.363.tar.gz
authors/id/I/IN/INGY/Test-Base-0.59.tar.gz
authors/id/A/AD/ADIE/Test-Class-0.36.tar.gz
authors/id/O/OV/OVID/Test-Class-Most-0.05.tar.gz
authors/id/F/FD/FDALY/Test-Deep-0.106.tar.gz
authors/id/O/OV/OVID/Test-Differences-0.500.tar.gz
authors/id/A/AD/ADIE/Test-Exception-0.31.tar.gz
authors/id/R/RJ/RJBS/Test-Fatal-0.006.tar.gz
authors/id/A/AN/ANDYA/Test-Harness-3.21.tar.gz
authors/id/G/GF/GFUJI/Test-LeakTrace-0.13.tar.gz
authors/id/R/RG/RGARCIA/Test-LongString-0.13.tar.gz
authors/id/B/BD/BDFOY/Test-Manifest-1.23.tar.gz
authors/id/L/LU/LUKEC/Test-Mock-LWP-0.05.tar.gz
authors/id/S/SI/SIMONFLK/Test-MockModule-0.05.tar.gz
authors/id/C/CH/CHROMATIC/Test-MockObject-1.20110612.tar.gz
authors/id/D/DD/DDICK/Test-MockTime-0.12.tar.gz
authors/id/M/MO/MONS/Test-More-UTF8-0.02.tar.gz
authors/id/O/OV/OVID/Test-Most-0.21.tar.gz
authors/id/A/AD/ADAMK/Test-NoWarnings-1.01.tar.gz
authors/id/A/AD/ADAMK/Test-Object-0.07.tar.gz
authors/id/B/BD/BDFOY/Test-Output-0.16.tar.gz
authors/id/D/DW/DWHEELER/Test-Pod-1.42.tar.gz
authors/id/P/PE/PETDANCE/Test-Pod-Coverage-1.08.tar.gz
authors/id/T/TO/TOKUHIROM/Test-Requires-0.05.tar.gz
authors/id/A/AD/ADAMK/Test-Script-1.07.tar.gz
authors/id/T/TO/TOKUHIROM/Test-SharedFork-0.12.tar.gz
authors/id/M/MS/MSCHWERN/Test-Simple-0.98.tar.gz
authors/id/A/AD/ADAMK/Test-SubCalls-1.09.tar.gz
authors/id/T/TO/TOKUHIROM/Test-TCP-1.04.tar.gz
authors/id/F/FD/FDALY/Test-Tester-0.107.tar.gz
authors/id/P/PE/PETDANCE/Test-WWW-Mechanize-1.28.tar.gz
authors/id/B/BO/BOBTFISH/Test-WWW-Mechanize-Catalyst-0.52.tar.gz
authors/id/L/LU/LUKEC/Test-WWW-Selenium-1.23.tar.gz
authors/id/C/CH/CHORNY/Test-Warn-0.23.tar.gz
authors/id/A/AU/AUDREYT/Test-use-ok-0.02.tar.gz
authors/id/A/AD/ADAMK/Text-Balanced-2.02.tar.gz
authors/id/M/MA/MAKAMAKA/Text-CSV-1.21.tar.gz
authors/id/R/RO/ROBBIEBOW/Text-CSV-Slurp-0.9.tar.gz
authors/id/H/HM/HMBRAND/Text-CSV_XS-0.72.tgz
authors/id/A/AD/ADAMK/Text-Diff-1.37.tar.gz
authors/id/U/UL/ULPFR/Text-German-0.06.tar.gz
authors/id/R/RC/RCLAMP/Text-Glob-0.08.tar.gz
authors/id/K/KA/KAZUHO/Text-MicroTemplate-0.17.tar.gz
authors/id/M/MR/MRAMBERG/Text-SimpleTable-2.03.tar.gz
authors/id/C/CH/CHORNY/Tie-IxHash-1.22.tar.gz
authors/id/N/NU/NUFFIN/Tie-RefHash-1.38.tar.gz
authors/id/N/NU/NUFFIN/Tie-ToObject-0.03.tar.gz
authors/id/K/KT/KTAT/Tie-Trace-0.14.tar.gz
authors/id/A/AV/AVIF/Time-Duration-1.06.tar.gz
authors/id/M/MI/MIYAGAWA/Time-Duration-Parse-0.06.tar.gz
authors/id/M/MS/MSERGEANT/Time-Piece-1.20.tar.gz
authors/id/M/MU/MUIR/modules/Time-modules-2006.0814.tar.gz
authors/id/G/GB/GBARR/TimeDate-1.20.tar.gz
authors/id/C/CO/COGENT/Tree-DAG_Node-1.06.tar.gz
authors/id/S/ST/STEVAN/Tree-Simple-1.18.tar.gz
authors/id/S/ST/STEVAN/Tree-Simple-VisitorFactory-0.10.tar.gz
authors/id/D/DO/DOY/Try-Tiny-0.09.tar.gz
authors/id/C/CH/CHROMATIC/UNIVERSAL-can-1.16.tar.gz
authors/id/C/CH/CHROMATIC/UNIVERSAL-isa-1.03.tar.gz
authors/id/M/MS/MSCHWERN/UNIVERSAL-require-0.13.tar.gz
authors/id/G/GA/GAAS/URI-1.54.tar.gz
authors/id/M/MI/MITHUN/URI-Encode-0.03.tar.gz
authors/id/M/MS/MSCHWERN/URI-Find-20100211.tar.gz
authors/id/D/DR/DROLSKY/URI-FromHash-0.03.tar.gz
authors/id/G/GA/GAAS/URI-GoogleChart-1.02.tar.gz
authors/id/G/GA/GAVINC/URI-Query-0.09.tar.gz
authors/id/T/TI/TIMB/UltraDNS-0.06.tar.gz
authors/id/S/SA/SADAHIRO/Unicode-Normalize-1.13.tar.gz
authors/id/C/CF/CFAERBER/Unicode-Stringprep-1.103.tar.gz
authors/id/M/MA/MARKOV/User-Identity-0.93.tar.gz
authors/id/V/VP/VPIT/Variable-Magic-0.46.tar.gz
authors/id/P/PE/PETDANCE/WWW-Mechanize-1.62.tar.gz
authors/id/R/RO/ROBIN/Want-0.18.tar.gz
authors/id/P/PA/PAJAS/XML-LibXML-1.70.tar.gz
authors/id/P/PE/PERIGRIN/XML-NamespaceSupport-1.11.tar.gz
authors/id/M/MS/MSERGEANT/XML-Parser-2.36.tar.gz
authors/id/G/GR/GRANTM/XML-SAX-0.96.tar.gz
authors/id/B/BJ/BJOERN/XML-SAX-Expat-0.40.tar.gz
authors/id/G/GR/GRANTM/XML-Simple-2.18.tar.gz
authors/id/M/MI/MIROD/XML-Twig-3.34.tar.gz
authors/id/J/JO/JOSEPHW/XML-Writer-0.610.tar.gz
authors/id/M/MS/MSERGEANT/XML-XPath-1.13.tar.gz
authors/id/S/SA/SAPER/XSLoader-0.15.tar.gz
authors/id/A/AD/ADAMK/YAML-0.71.tar.gz
authors/id/N/NU/NUFFIN/YAML-LibYAML-0.32.tar.gz
authors/id/A/AU/AUDREYT/YAML-Syck-1.07.tar.gz
authors/id/A/AD/ADAMK/YAML-Tiny-1.41.tar.gz
authors/id/P/PE/PETDANCE/ack-1.92.tar.gz
authors/id/O/OV/OVID/aliased-0.30.tar.gz
authors/id/C/CH/CHOCOLATE/autobox-2.75.tar.gz
authors/id/P/PJ/PJF/autodie-2.10.tar.gz
authors/id/F/FL/FLORA/bignum-0.25.tar.gz
authors/id/I/IN/INGY/boolean-0.20.tar.gz
authors/id/M/ML/MLEHMANN/common-sense-3.4.tar.gz
authors/id/S/SA/SAPER/constant-1.21.tar.gz
authors/id/M/MO/MONS/ex-lib-0.90.tar.gz
authors/id/M/MO/MONS/lib-abs-0.92.tar.gz
authors/id/G/GB/GBARR/libnet-1.22_01.tar.gz
authors/id/G/GA/GAAS/libwww-perl-5.836.tar.gz
authors/id/A/AP/APEIRON/local-lib-1.008004.tar.gz
authors/id/B/BO/BOBTFISH/namespace-autoclean-0.13.tar.gz
authors/id/R/RI/RIBASUSHI/namespace-clean-0.21.tar.gz
authors/id/C/CO/CORION/parent-0.223.tar.gz
authors/id/J/JP/JPEACOCK/version-0.91.tar.gz
Completed survey in 183.1 minutes using 17174 metacpan calls.
